

Started GET "/" for ::1 at 2015-07-21 20:48:45 -0700
Processing by HomeController#index as HTML
  Rendered home/index.html.erb within layouts/application (2.6ms)
Completed 500 Internal Server Error in 12362ms (ActiveRecord: 0.0ms)

ActionView::Template::Error (couldn't find file 'angularjs' with type 'application/javascript'):
    3: <head>
    4:   <title>Receta</title>
    5:   <%= stylesheet_link_tag    'application', media: 'all', 'data-turbolinks-track' => true %>
    6:   <%= javascript_include_tag 'application', 'data-turbolinks-track' => true %>
    7:   <%= csrf_meta_tags %>
    8: </head>
    9: <body>
  app/assets/javascripts/application.js:19
  app/views/layouts/application.html.erb:6:in `_app_views_layouts_application_html_erb__1890702900503562546_70355658641140'


  Rendered /Users/yumiko/.rbenv/versions/2.0.0-p353/lib/ruby/gems/2.0.0/gems/actionpack-4.2.3/lib/action_dispatch/middleware/templates/rescues/_source.erb (6.7ms)
  Rendered /Users/yumiko/.rbenv/versions/2.0.0-p353/lib/ruby/gems/2.0.0/gems/actionpack-4.2.3/lib/action_dispatch/middleware/templates/rescues/_trace.html.erb (4.2ms)
  Rendered /Users/yumiko/.rbenv/versions/2.0.0-p353/lib/ruby/gems/2.0.0/gems/actionpack-4.2.3/lib/action_dispatch/middleware/templates/rescues/_request_and_response.html.erb (0.8ms)
  Rendered /Users/yumiko/.rbenv/versions/2.0.0-p353/lib/ruby/gems/2.0.0/gems/actionpack-4.2.3/lib/action_dispatch/middleware/templates/rescues/template_error.html.erb within rescues/layout (32.1ms)
  Rendered /Users/yumiko/.rbenv/versions/2.0.0-p353/lib/ruby/gems/2.0.0/gems/web-console-2.2.1/lib/web_console/templates/_markup.html.erb (0.4ms)
  Rendered /Users/yumiko/.rbenv/versions/2.0.0-p353/lib/ruby/gems/2.0.0/gems/web-console-2.2.1/lib/web_console/templates/_inner_console_markup.html.erb within layouts/inlined_string (0.4ms)
  Rendered /Users/yumiko/.rbenv/versions/2.0.0-p353/lib/ruby/gems/2.0.0/gems/web-console-2.2.1/lib/web_console/templates/_prompt_box_markup.html.erb within layouts/inlined_string (0.5ms)
  Rendered /Users/yumiko/.rbenv/versions/2.0.0-p353/lib/ruby/gems/2.0.0/gems/web-console-2.2.1/lib/web_console/templates/style.css.erb within layouts/inlined_string (0.4ms)
  Rendered /Users/yumiko/.rbenv/versions/2.0.0-p353/lib/ruby/gems/2.0.0/gems/web-console-2.2.1/lib/web_console/templates/console.js.erb within layouts/javascript (27.5ms)
  Rendered /Users/yumiko/.rbenv/versions/2.0.0-p353/lib/ruby/gems/2.0.0/gems/web-console-2.2.1/lib/web_console/templates/main.js.erb within layouts/javascript (0.3ms)
  Rendered /Users/yumiko/.rbenv/versions/2.0.0-p353/lib/ruby/gems/2.0.0/gems/web-console-2.2.1/lib/web_console/templates/error_page.js.erb within layouts/javascript (1.1ms)
  Rendered /Users/yumiko/.rbenv/versions/2.0.0-p353/lib/ruby/gems/2.0.0/gems/web-console-2.2.1/lib/web_console/templates/index.html.erb (54.7ms)


Started GET "/" for ::1 at 2015-07-21 20:49:26 -0700
Processing by HomeController#index as HTML
  Rendered home/index.html.erb within layouts/application (1.9ms)
Completed 200 OK in 4587ms (Views: 4571.2ms | ActiveRecord: 0.0ms)


Started GET "/assets/application.self-184237773932c8512d052ed1180dd548480c9914a54072748c5da2565db5be8c.css?body=1" for ::1 at 2015-07-21 20:49:31 -0700


Started GET "/assets/angular.self-5918d434c9cc209ba9ff042e92494418b0d4189738c99bedd51c5bbdefe0f11c.js?body=1" for ::1 at 2015-07-21 20:49:31 -0700


Started GET "/assets/angular-animate.self-2bf9c8b701a0e6bc2968df73c2a0d8938eb84d13cc426d2432d3b2fb536c50e5.js?body=1" for ::1 at 2015-07-21 20:49:31 -0700


Started GET "/assets/app.self-f2797b83a8b3b646aca753d94fbc13f68c34b2486ee2c591ebccd537419b624c.js?body=1" for ::1 at 2015-07-21 20:49:31 -0700


Started GET "/assets/angular-resource.self-d2f910ae036c8ee0818b9ba20f8599786526b5d4438ceecff5a0366c4d1a4422.js?body=1" for ::1 at 2015-07-21 20:49:31 -0700


Started GET "/assets/application.self-10ad0916cf31256fe71785e8dc9cc297a96b1cdf7b74aeb61711199b9a3d003f.js?body=1" for ::1 at 2015-07-21 20:49:31 -0700


Started GET "/" for ::1 at 2015-07-21 21:18:02 -0700
Processing by HomeController#index as HTML
  Rendered home/index.html.erb within layouts/application (2.0ms)
Completed 200 OK in 8439ms (Views: 8423.8ms | ActiveRecord: 0.0ms)


Started GET "/" for ::1 at 2015-07-21 21:19:18 -0700
Processing by HomeController#index as HTML
  Rendered home/index.html.erb within layouts/application (1.9ms)
Completed 200 OK in 1419ms (Views: 1404.8ms | ActiveRecord: 0.0ms)


Started GET "/assets/turbolinks.self-c37727e9bd6b2735da5c311aa83fead54ed0be6cc8bd9a65309e9c5abe2cbfff.js?body=1" for ::1 at 2015-07-21 21:19:20 -0700


Started GET "/assets/home.self-e3b0c44298fc1c149afbf4c8996fb92427ae41e4649b934ca495991b7852b855.css?body=1" for ::1 at 2015-07-21 21:19:20 -0700


Started GET "/assets/jquery.self-d03a5518f45df77341bdbe6201ba3bfa547ebba8ed64f0ea56bfa5f96ea7c074.js?body=1" for ::1 at 2015-07-21 21:19:20 -0700


Started GET "/assets/jquery_ujs.self-ca5248a2fad13d6bd58ea121318d642f195f0b2dd818b30615f785ff365e8d1f.js?body=1" for ::1 at 2015-07-21 21:19:20 -0700


Started GET "/assets/angular-animate.self-2bf9c8b701a0e6bc2968df73c2a0d8938eb84d13cc426d2432d3b2fb536c50e5.js?body=1" for ::1 at 2015-07-21 21:19:20 -0700


Started GET "/assets/application.self-184237773932c8512d052ed1180dd548480c9914a54072748c5da2565db5be8c.css?body=1" for ::1 at 2015-07-21 21:19:20 -0700


Started GET "/assets/angular.self-5918d434c9cc209ba9ff042e92494418b0d4189738c99bedd51c5bbdefe0f11c.js?body=1" for ::1 at 2015-07-21 21:19:20 -0700


Started GET "/assets/angular-resource.self-d2f910ae036c8ee0818b9ba20f8599786526b5d4438ceecff5a0366c4d1a4422.js?body=1" for ::1 at 2015-07-21 21:19:20 -0700


Started GET "/assets/angular-rails-templates.self-0cb4b19debc640ed69cbcf42939a1289977dedf73a8d318f2db162b1f2834920.js?body=1" for ::1 at 2015-07-21 21:19:20 -0700


Started GET "/assets/app.self-f2797b83a8b3b646aca753d94fbc13f68c34b2486ee2c591ebccd537419b624c.js?body=1" for ::1 at 2015-07-21 21:19:20 -0700


Started GET "/assets/application.self-10ad0916cf31256fe71785e8dc9cc297a96b1cdf7b74aeb61711199b9a3d003f.js?body=1" for ::1 at 2015-07-21 21:19:20 -0700


Started GET "/" for ::1 at 2015-07-21 21:21:53 -0700
Processing by HomeController#index as HTML
  Rendered home/index.html.erb within layouts/application (1.6ms)
Completed 200 OK in 1446ms (Views: 1431.0ms | ActiveRecord: 0.0ms)


Started GET "/" for ::1 at 2015-07-21 21:37:09 -0700
Processing by HomeController#index as HTML
  Rendered home/index.html.erb within layouts/application (1.5ms)
Completed 500 Internal Server Error in 649ms (ActiveRecord: 0.0ms)

ActionView::Template::Error (couldn't find file 'angular-route/angular-route' with type 'application/javascript'):
    3: <head>
    4:   <title>Receta</title>
    5:   <%= stylesheet_link_tag    'application', media: 'all', 'data-turbolinks-track' => true %>
    6:   <%= javascript_include_tag 'application', 'data-turbolinks-track' => true %>
    7:   <%= csrf_meta_tags %>
    8: </head>
    9: <body>
  app/assets/javascripts/application.js:19
  app/views/layouts/application.html.erb:6:in `_app_views_layouts_application_html_erb___4329549284868975618_70179857468280'


  Rendered /Users/yumiko/.rbenv/versions/2.0.0-p353/lib/ruby/gems/2.0.0/gems/actionpack-4.2.3/lib/action_dispatch/middleware/templates/rescues/_source.erb (9.7ms)
  Rendered /Users/yumiko/.rbenv/versions/2.0.0-p353/lib/ruby/gems/2.0.0/gems/actionpack-4.2.3/lib/action_dispatch/middleware/templates/rescues/_trace.html.erb (2.9ms)
  Rendered /Users/yumiko/.rbenv/versions/2.0.0-p353/lib/ruby/gems/2.0.0/gems/actionpack-4.2.3/lib/action_dispatch/middleware/templates/rescues/_request_and_response.html.erb (1.3ms)
  Rendered /Users/yumiko/.rbenv/versions/2.0.0-p353/lib/ruby/gems/2.0.0/gems/actionpack-4.2.3/lib/action_dispatch/middleware/templates/rescues/template_error.html.erb within rescues/layout (32.3ms)
  Rendered /Users/yumiko/.rbenv/versions/2.0.0-p353/lib/ruby/gems/2.0.0/gems/web-console-2.2.1/lib/web_console/templates/_markup.html.erb (0.6ms)
  Rendered /Users/yumiko/.rbenv/versions/2.0.0-p353/lib/ruby/gems/2.0.0/gems/web-console-2.2.1/lib/web_console/templates/_inner_console_markup.html.erb within layouts/inlined_string (0.4ms)
  Rendered /Users/yumiko/.rbenv/versions/2.0.0-p353/lib/ruby/gems/2.0.0/gems/web-console-2.2.1/lib/web_console/templates/_prompt_box_markup.html.erb within layouts/inlined_string (0.3ms)
  Rendered /Users/yumiko/.rbenv/versions/2.0.0-p353/lib/ruby/gems/2.0.0/gems/web-console-2.2.1/lib/web_console/templates/style.css.erb within layouts/inlined_string (0.3ms)
  Rendered /Users/yumiko/.rbenv/versions/2.0.0-p353/lib/ruby/gems/2.0.0/gems/web-console-2.2.1/lib/web_console/templates/console.js.erb within layouts/javascript (106.7ms)
  Rendered /Users/yumiko/.rbenv/versions/2.0.0-p353/lib/ruby/gems/2.0.0/gems/web-console-2.2.1/lib/web_console/templates/main.js.erb within layouts/javascript (0.5ms)
  Rendered /Users/yumiko/.rbenv/versions/2.0.0-p353/lib/ruby/gems/2.0.0/gems/web-console-2.2.1/lib/web_console/templates/error_page.js.erb within layouts/javascript (0.4ms)
  Rendered /Users/yumiko/.rbenv/versions/2.0.0-p353/lib/ruby/gems/2.0.0/gems/web-console-2.2.1/lib/web_console/templates/index.html.erb (133.9ms)


Started GET "/" for ::1 at 2015-07-21 21:44:01 -0700
Processing by HomeController#index as HTML
  Rendered home/index.html.erb within layouts/application (0.9ms)
Completed 200 OK in 4820ms (Views: 4812.4ms | ActiveRecord: 0.0ms)


Started GET "/assets/application.self-a1a74291c4c48f2f663a025ffa678498d6448b849a2d74c0ca25e39ee192c0a7.js?body=1" for ::1 at 2015-07-21 21:44:06 -0700


Started GET "/" for ::1 at 2015-07-21 21:46:13 -0700
Processing by HomeController#index as HTML
  Rendered home/index.html.erb within layouts/application (0.5ms)
Completed 200 OK in 619ms (Views: 618.5ms | ActiveRecord: 0.0ms)


Started GET "/assets/home.self-e3b0c44298fc1c149afbf4c8996fb92427ae41e4649b934ca495991b7852b855.css?body=1" for ::1 at 2015-07-21 21:46:13 -0700


Started GET "/assets/jquery.self-d03a5518f45df77341bdbe6201ba3bfa547ebba8ed64f0ea56bfa5f96ea7c074.js?body=1" for ::1 at 2015-07-21 21:46:13 -0700


Started GET "/assets/angular/angular.self-5918d434c9cc209ba9ff042e92494418b0d4189738c99bedd51c5bbdefe0f11c.js?body=1" for ::1 at 2015-07-21 21:46:13 -0700


Started GET "/assets/turbolinks.self-c37727e9bd6b2735da5c311aa83fead54ed0be6cc8bd9a65309e9c5abe2cbfff.js?body=1" for ::1 at 2015-07-21 21:46:13 -0700


Started GET "/assets/jquery_ujs.self-ca5248a2fad13d6bd58ea121318d642f195f0b2dd818b30615f785ff365e8d1f.js?body=1" for ::1 at 2015-07-21 21:46:13 -0700


Started GET "/assets/application.self-184237773932c8512d052ed1180dd548480c9914a54072748c5da2565db5be8c.css?body=1" for ::1 at 2015-07-21 21:46:13 -0700


Started GET "/assets/angular-animate.self-2bf9c8b701a0e6bc2968df73c2a0d8938eb84d13cc426d2432d3b2fb536c50e5.js?body=1" for ::1 at 2015-07-21 21:46:13 -0700


Started GET "/assets/angular-resource.self-d2f910ae036c8ee0818b9ba20f8599786526b5d4438ceecff5a0366c4d1a4422.js?body=1" for ::1 at 2015-07-21 21:46:13 -0700


Started GET "/assets/angular-route/angular-route.self-688a5dbfc6be484158af02e48a44276c0679e816015ff48c15b4e195384ee4e9.js?body=1" for ::1 at 2015-07-21 21:46:13 -0700


Started GET "/assets/angular-rails-templates.self-0cb4b19debc640ed69cbcf42939a1289977dedf73a8d318f2db162b1f2834920.js?body=1" for ::1 at 2015-07-21 21:46:13 -0700


Started GET "/assets/app.self-83473ffe64071a356415baa92e78a0568cedec7a443b762d6230389d0ee88e51.js?body=1" for ::1 at 2015-07-21 21:46:13 -0700


Started GET "/assets/application.self-a1a74291c4c48f2f663a025ffa678498d6448b849a2d74c0ca25e39ee192c0a7.js?body=1" for ::1 at 2015-07-21 21:46:14 -0700


Started GET "/" for ::1 at 2015-07-21 21:46:27 -0700
Processing by HomeController#index as HTML
  Rendered home/index.html.erb within layouts/application (0.9ms)
Completed 200 OK in 784ms (Views: 776.6ms | ActiveRecord: 0.0ms)


Started GET "/" for ::1 at 2015-07-21 21:46:32 -0700
Processing by HomeController#index as HTML
  Rendered home/index.html.erb within layouts/application (0.1ms)
Completed 200 OK in 147ms (Views: 146.1ms | ActiveRecord: 0.0ms)


Started GET "/" for ::1 at 2015-07-21 21:47:08 -0700
Processing by HomeController#index as HTML
  Rendered home/index.html.erb within layouts/application (1.1ms)
Completed 200 OK in 1194ms (Views: 1184.9ms | ActiveRecord: 0.0ms)


Started GET "/assets/turbolinks.self-c37727e9bd6b2735da5c311aa83fead54ed0be6cc8bd9a65309e9c5abe2cbfff.js?body=1" for ::1 at 2015-07-21 21:47:10 -0700


Started GET "/assets/home.self-e3b0c44298fc1c149afbf4c8996fb92427ae41e4649b934ca495991b7852b855.css?body=1" for ::1 at 2015-07-21 21:47:10 -0700


Started GET "/assets/application.self-184237773932c8512d052ed1180dd548480c9914a54072748c5da2565db5be8c.css?body=1" for ::1 at 2015-07-21 21:47:10 -0700


Started GET "/assets/angular/angular.self-5918d434c9cc209ba9ff042e92494418b0d4189738c99bedd51c5bbdefe0f11c.js?body=1" for ::1 at 2015-07-21 21:47:10 -0700


Started GET "/assets/jquery_ujs.self-ca5248a2fad13d6bd58ea121318d642f195f0b2dd818b30615f785ff365e8d1f.js?body=1" for ::1 at 2015-07-21 21:47:10 -0700


Started GET "/assets/jquery.self-d03a5518f45df77341bdbe6201ba3bfa547ebba8ed64f0ea56bfa5f96ea7c074.js?body=1" for ::1 at 2015-07-21 21:47:10 -0700


Started GET "/assets/angular-animate.self-2bf9c8b701a0e6bc2968df73c2a0d8938eb84d13cc426d2432d3b2fb536c50e5.js?body=1" for ::1 at 2015-07-21 21:47:10 -0700


Started GET "/assets/angular-resource.self-d2f910ae036c8ee0818b9ba20f8599786526b5d4438ceecff5a0366c4d1a4422.js?body=1" for ::1 at 2015-07-21 21:47:10 -0700


Started GET "/assets/angular-route/angular-route.self-688a5dbfc6be484158af02e48a44276c0679e816015ff48c15b4e195384ee4e9.js?body=1" for ::1 at 2015-07-21 21:47:10 -0700


Started GET "/assets/app.self-83473ffe64071a356415baa92e78a0568cedec7a443b762d6230389d0ee88e51.js?body=1" for ::1 at 2015-07-21 21:47:10 -0700


Started GET "/assets/angular-rails-templates.self-0cb4b19debc640ed69cbcf42939a1289977dedf73a8d318f2db162b1f2834920.js?body=1" for ::1 at 2015-07-21 21:47:10 -0700


Started GET "/assets/application.self-a1a74291c4c48f2f663a025ffa678498d6448b849a2d74c0ca25e39ee192c0a7.js?body=1" for ::1 at 2015-07-21 21:47:10 -0700


Started GET "/" for ::1 at 2015-07-21 21:49:00 -0700
Processing by HomeController#index as HTML
  Rendered home/index.html.erb within layouts/application (0.9ms)
Completed 200 OK in 772ms (Views: 764.5ms | ActiveRecord: 0.0ms)


Started GET "/assets/application.self-184237773932c8512d052ed1180dd548480c9914a54072748c5da2565db5be8c.css?body=1" for ::1 at 2015-07-21 21:49:01 -0700


Started GET "/assets/jquery.self-d03a5518f45df77341bdbe6201ba3bfa547ebba8ed64f0ea56bfa5f96ea7c074.js?body=1" for ::1 at 2015-07-21 21:49:01 -0700


Started GET "/assets/jquery_ujs.self-ca5248a2fad13d6bd58ea121318d642f195f0b2dd818b30615f785ff365e8d1f.js?body=1" for ::1 at 2015-07-21 21:49:02 -0700


Started GET "/assets/turbolinks.self-c37727e9bd6b2735da5c311aa83fead54ed0be6cc8bd9a65309e9c5abe2cbfff.js?body=1" for ::1 at 2015-07-21 21:49:02 -0700


Started GET "/assets/home.self-e3b0c44298fc1c149afbf4c8996fb92427ae41e4649b934ca495991b7852b855.css?body=1" for ::1 at 2015-07-21 21:49:02 -0700


Started GET "/assets/angular/angular.self-5918d434c9cc209ba9ff042e92494418b0d4189738c99bedd51c5bbdefe0f11c.js?body=1" for ::1 at 2015-07-21 21:49:02 -0700


Started GET "/assets/angular-animate.self-2bf9c8b701a0e6bc2968df73c2a0d8938eb84d13cc426d2432d3b2fb536c50e5.js?body=1" for ::1 at 2015-07-21 21:49:02 -0700


Started GET "/assets/angular-resource.self-d2f910ae036c8ee0818b9ba20f8599786526b5d4438ceecff5a0366c4d1a4422.js?body=1" for ::1 at 2015-07-21 21:49:02 -0700


Started GET "/assets/angular-route/angular-route.self-688a5dbfc6be484158af02e48a44276c0679e816015ff48c15b4e195384ee4e9.js?body=1" for ::1 at 2015-07-21 21:49:02 -0700


Started GET "/assets/angular-rails-templates.self-0cb4b19debc640ed69cbcf42939a1289977dedf73a8d318f2db162b1f2834920.js?body=1" for ::1 at 2015-07-21 21:49:02 -0700


Started GET "/assets/app.self-83473ffe64071a356415baa92e78a0568cedec7a443b762d6230389d0ee88e51.js?body=1" for ::1 at 2015-07-21 21:49:02 -0700


Started GET "/assets/application.self-a1a74291c4c48f2f663a025ffa678498d6448b849a2d74c0ca25e39ee192c0a7.js?body=1" for ::1 at 2015-07-21 21:49:02 -0700


Started GET "/assets/angular-animate.self-2bf9c8b701a0e6bc2968df73c2a0d8938eb84d13cc426d2432d3b2fb536c50e5.js?body=1" for ::1 at 2015-07-21 21:49:02 -0700


Started GET "/assets/angular-resource.self-d2f910ae036c8ee0818b9ba20f8599786526b5d4438ceecff5a0366c4d1a4422.js?body=1" for ::1 at 2015-07-21 21:49:02 -0700


Started GET "/assets/angular-route/angular-route.self-688a5dbfc6be484158af02e48a44276c0679e816015ff48c15b4e195384ee4e9.js?body=1" for ::1 at 2015-07-21 21:49:02 -0700


Started GET "/assets/angular-rails-templates.self-0cb4b19debc640ed69cbcf42939a1289977dedf73a8d318f2db162b1f2834920.js?body=1" for ::1 at 2015-07-21 21:49:02 -0700


Started GET "/assets/app.self-83473ffe64071a356415baa92e78a0568cedec7a443b762d6230389d0ee88e51.js?body=1" for ::1 at 2015-07-21 21:49:02 -0700


Started GET "/assets/application.self-a1a74291c4c48f2f663a025ffa678498d6448b849a2d74c0ca25e39ee192c0a7.js?body=1" for ::1 at 2015-07-21 21:49:02 -0700


Started GET "/" for ::1 at 2015-07-21 21:50:45 -0700
Processing by HomeController#index as HTML
  Rendered home/index.html.erb within layouts/application (0.8ms)
Completed 200 OK in 905ms (Views: 844.3ms | ActiveRecord: 0.0ms)


Started GET "/assets/application.self-184237773932c8512d052ed1180dd548480c9914a54072748c5da2565db5be8c.css?body=1" for ::1 at 2015-07-21 21:50:47 -0700


Started GET "/assets/jquery.self-d03a5518f45df77341bdbe6201ba3bfa547ebba8ed64f0ea56bfa5f96ea7c074.js?body=1" for ::1 at 2015-07-21 21:50:47 -0700


Started GET "/assets/jquery_ujs.self-ca5248a2fad13d6bd58ea121318d642f195f0b2dd818b30615f785ff365e8d1f.js?body=1" for ::1 at 2015-07-21 21:50:47 -0700


Started GET "/assets/turbolinks.self-c37727e9bd6b2735da5c311aa83fead54ed0be6cc8bd9a65309e9c5abe2cbfff.js?body=1" for ::1 at 2015-07-21 21:50:47 -0700


Started GET "/assets/angular/angular.self-5918d434c9cc209ba9ff042e92494418b0d4189738c99bedd51c5bbdefe0f11c.js?body=1" for ::1 at 2015-07-21 21:50:47 -0700


Started GET "/assets/home.self-e3b0c44298fc1c149afbf4c8996fb92427ae41e4649b934ca495991b7852b855.css?body=1" for ::1 at 2015-07-21 21:50:47 -0700


Started GET "/assets/angular-animate.self-2bf9c8b701a0e6bc2968df73c2a0d8938eb84d13cc426d2432d3b2fb536c50e5.js?body=1" for ::1 at 2015-07-21 21:50:47 -0700


Started GET "/assets/angular-resource.self-d2f910ae036c8ee0818b9ba20f8599786526b5d4438ceecff5a0366c4d1a4422.js?body=1" for ::1 at 2015-07-21 21:50:47 -0700


Started GET "/assets/angular-route/angular-route.self-688a5dbfc6be484158af02e48a44276c0679e816015ff48c15b4e195384ee4e9.js?body=1" for ::1 at 2015-07-21 21:50:47 -0700


Started GET "/assets/angular-rails-templates.self-0cb4b19debc640ed69cbcf42939a1289977dedf73a8d318f2db162b1f2834920.js?body=1" for ::1 at 2015-07-21 21:50:47 -0700


Started GET "/assets/app.self-83473ffe64071a356415baa92e78a0568cedec7a443b762d6230389d0ee88e51.js?body=1" for ::1 at 2015-07-21 21:50:47 -0700


Started GET "/assets/application.self-a1a74291c4c48f2f663a025ffa678498d6448b849a2d74c0ca25e39ee192c0a7.js?body=1" for ::1 at 2015-07-21 21:50:47 -0700


Started GET "/" for ::1 at 2015-07-21 21:51:50 -0700
Processing by HomeController#index as HTML
  Rendered home/index.html.erb within layouts/application (0.9ms)
Completed 200 OK in 1355ms (Views: 1346.7ms | ActiveRecord: 0.0ms)


Started GET "/assets/app.self-e73dc9c0fe0321e8819119ef611369e2a25282c1bad95c6cbb3a04537a3af4f1.js?body=1" for ::1 at 2015-07-21 21:51:52 -0700


Started GET "/index.html" for ::1 at 2015-07-21 21:51:52 -0700

ActionController::RoutingError (No route matches [GET] "/index.html"):
  actionpack (4.2.3) lib/action_dispatch/middleware/debug_exceptions.rb:21:in `call'
  web-console (2.2.1) lib/web_console/middleware.rb:39:in `call'
  actionpack (4.2.3) lib/action_dispatch/middleware/show_exceptions.rb:30:in `call'
  railties (4.2.3) lib/rails/rack/logger.rb:38:in `call_app'
  railties (4.2.3) lib/rails/rack/logger.rb:20:in `block in call'
  activesupport (4.2.3) lib/active_support/tagged_logging.rb:68:in `block in tagged'
  activesupport (4.2.3) lib/active_support/tagged_logging.rb:26:in `tagged'
  activesupport (4.2.3) lib/active_support/tagged_logging.rb:68:in `tagged'
  railties (4.2.3) lib/rails/rack/logger.rb:20:in `call'
  actionpack (4.2.3) lib/action_dispatch/middleware/request_id.rb:21:in `call'
  rack (1.6.4) lib/rack/methodoverride.rb:22:in `call'
  rack (1.6.4) lib/rack/runtime.rb:18:in `call'
  activesupport (4.2.3) lib/active_support/cache/strategy/local_cache_middleware.rb:28:in `call'
  rack (1.6.4) lib/rack/lock.rb:17:in `call'
  actionpack (4.2.3) lib/action_dispatch/middleware/static.rb:116:in `call'
  rack (1.6.4) lib/rack/sendfile.rb:113:in `call'
  railties (4.2.3) lib/rails/engine.rb:518:in `call'
  railties (4.2.3) lib/rails/application.rb:165:in `call'
  rack (1.6.4) lib/rack/lock.rb:17:in `call'
  rack (1.6.4) lib/rack/content_length.rb:15:in `call'
  rack (1.6.4) lib/rack/handler/webrick.rb:88:in `service'
  /Users/yumiko/.rbenv/versions/2.0.0-p353/lib/ruby/2.0.0/webrick/httpserver.rb:138:in `service'
  /Users/yumiko/.rbenv/versions/2.0.0-p353/lib/ruby/2.0.0/webrick/httpserver.rb:94:in `run'
  /Users/yumiko/.rbenv/versions/2.0.0-p353/lib/ruby/2.0.0/webrick/server.rb:295:in `block in start_thread'


  Rendered /Users/yumiko/.rbenv/versions/2.0.0-p353/lib/ruby/gems/2.0.0/gems/actionpack-4.2.3/lib/action_dispatch/middleware/templates/rescues/_trace.html.erb (2.6ms)
  Rendered /Users/yumiko/.rbenv/versions/2.0.0-p353/lib/ruby/gems/2.0.0/gems/actionpack-4.2.3/lib/action_dispatch/middleware/templates/routes/_route.html.erb (0.9ms)
  Rendered /Users/yumiko/.rbenv/versions/2.0.0-p353/lib/ruby/gems/2.0.0/gems/actionpack-4.2.3/lib/action_dispatch/middleware/templates/routes/_table.html.erb (9.2ms)
  Rendered /Users/yumiko/.rbenv/versions/2.0.0-p353/lib/ruby/gems/2.0.0/gems/actionpack-4.2.3/lib/action_dispatch/middleware/templates/rescues/_request_and_response.html.erb (1.2ms)
  Rendered /Users/yumiko/.rbenv/versions/2.0.0-p353/lib/ruby/gems/2.0.0/gems/actionpack-4.2.3/lib/action_dispatch/middleware/templates/rescues/routing_error.html.erb within rescues/layout (41.5ms)
  Rendered /Users/yumiko/.rbenv/versions/2.0.0-p353/lib/ruby/gems/2.0.0/gems/web-console-2.2.1/lib/web_console/templates/_markup.html.erb (0.4ms)
  Rendered /Users/yumiko/.rbenv/versions/2.0.0-p353/lib/ruby/gems/2.0.0/gems/web-console-2.2.1/lib/web_console/templates/_inner_console_markup.html.erb within layouts/inlined_string (0.3ms)
  Rendered /Users/yumiko/.rbenv/versions/2.0.0-p353/lib/ruby/gems/2.0.0/gems/web-console-2.2.1/lib/web_console/templates/_prompt_box_markup.html.erb within layouts/inlined_string (0.6ms)
  Rendered /Users/yumiko/.rbenv/versions/2.0.0-p353/lib/ruby/gems/2.0.0/gems/web-console-2.2.1/lib/web_console/templates/style.css.erb within layouts/inlined_string (0.5ms)
  Rendered /Users/yumiko/.rbenv/versions/2.0.0-p353/lib/ruby/gems/2.0.0/gems/web-console-2.2.1/lib/web_console/templates/console.js.erb within layouts/javascript (19.8ms)
  Rendered /Users/yumiko/.rbenv/versions/2.0.0-p353/lib/ruby/gems/2.0.0/gems/web-console-2.2.1/lib/web_console/templates/main.js.erb within layouts/javascript (0.3ms)
  Rendered /Users/yumiko/.rbenv/versions/2.0.0-p353/lib/ruby/gems/2.0.0/gems/web-console-2.2.1/lib/web_console/templates/error_page.js.erb within layouts/javascript (0.4ms)
  Rendered /Users/yumiko/.rbenv/versions/2.0.0-p353/lib/ruby/gems/2.0.0/gems/web-console-2.2.1/lib/web_console/templates/index.html.erb (139.7ms)


Started GET "/" for ::1 at 2015-07-21 21:54:08 -0700
Processing by HomeController#index as HTML
  Rendered home/index.html.erb within layouts/application (1.1ms)
Completed 200 OK in 1176ms (Views: 1165.8ms | ActiveRecord: 0.0ms)


Started GET "/index.html" for ::1 at 2015-07-21 21:54:10 -0700

ActionController::RoutingError (No route matches [GET] "/index.html"):
  actionpack (4.2.3) lib/action_dispatch/middleware/debug_exceptions.rb:21:in `call'
  web-console (2.2.1) lib/web_console/middleware.rb:39:in `call'
  actionpack (4.2.3) lib/action_dispatch/middleware/show_exceptions.rb:30:in `call'
  railties (4.2.3) lib/rails/rack/logger.rb:38:in `call_app'
  railties (4.2.3) lib/rails/rack/logger.rb:20:in `block in call'
  activesupport (4.2.3) lib/active_support/tagged_logging.rb:68:in `block in tagged'
  activesupport (4.2.3) lib/active_support/tagged_logging.rb:26:in `tagged'
  activesupport (4.2.3) lib/active_support/tagged_logging.rb:68:in `tagged'
  railties (4.2.3) lib/rails/rack/logger.rb:20:in `call'
  actionpack (4.2.3) lib/action_dispatch/middleware/request_id.rb:21:in `call'
  rack (1.6.4) lib/rack/methodoverride.rb:22:in `call'
  rack (1.6.4) lib/rack/runtime.rb:18:in `call'
  activesupport (4.2.3) lib/active_support/cache/strategy/local_cache_middleware.rb:28:in `call'
  rack (1.6.4) lib/rack/lock.rb:17:in `call'
  actionpack (4.2.3) lib/action_dispatch/middleware/static.rb:116:in `call'
  rack (1.6.4) lib/rack/sendfile.rb:113:in `call'
  railties (4.2.3) lib/rails/engine.rb:518:in `call'
  railties (4.2.3) lib/rails/application.rb:165:in `call'
  rack (1.6.4) lib/rack/lock.rb:17:in `call'
  rack (1.6.4) lib/rack/content_length.rb:15:in `call'
  rack (1.6.4) lib/rack/handler/webrick.rb:88:in `service'
  /Users/yumiko/.rbenv/versions/2.0.0-p353/lib/ruby/2.0.0/webrick/httpserver.rb:138:in `service'
  /Users/yumiko/.rbenv/versions/2.0.0-p353/lib/ruby/2.0.0/webrick/httpserver.rb:94:in `run'
  /Users/yumiko/.rbenv/versions/2.0.0-p353/lib/ruby/2.0.0/webrick/server.rb:295:in `block in start_thread'


  Rendered /Users/yumiko/.rbenv/versions/2.0.0-p353/lib/ruby/gems/2.0.0/gems/actionpack-4.2.3/lib/action_dispatch/middleware/templates/rescues/_trace.html.erb (1.4ms)
  Rendered /Users/yumiko/.rbenv/versions/2.0.0-p353/lib/ruby/gems/2.0.0/gems/actionpack-4.2.3/lib/action_dispatch/middleware/templates/routes/_route.html.erb (1.0ms)
  Rendered /Users/yumiko/.rbenv/versions/2.0.0-p353/lib/ruby/gems/2.0.0/gems/actionpack-4.2.3/lib/action_dispatch/middleware/templates/routes/_table.html.erb (34.0ms)
  Rendered /Users/yumiko/.rbenv/versions/2.0.0-p353/lib/ruby/gems/2.0.0/gems/actionpack-4.2.3/lib/action_dispatch/middleware/templates/rescues/_request_and_response.html.erb (1.8ms)
  Rendered /Users/yumiko/.rbenv/versions/2.0.0-p353/lib/ruby/gems/2.0.0/gems/actionpack-4.2.3/lib/action_dispatch/middleware/templates/rescues/routing_error.html.erb within rescues/layout (73.4ms)
  Rendered /Users/yumiko/.rbenv/versions/2.0.0-p353/lib/ruby/gems/2.0.0/gems/web-console-2.2.1/lib/web_console/templates/_markup.html.erb (0.4ms)
  Rendered /Users/yumiko/.rbenv/versions/2.0.0-p353/lib/ruby/gems/2.0.0/gems/web-console-2.2.1/lib/web_console/templates/_inner_console_markup.html.erb within layouts/inlined_string (0.4ms)
  Rendered /Users/yumiko/.rbenv/versions/2.0.0-p353/lib/ruby/gems/2.0.0/gems/web-console-2.2.1/lib/web_console/templates/_prompt_box_markup.html.erb within layouts/inlined_string (0.4ms)
  Rendered /Users/yumiko/.rbenv/versions/2.0.0-p353/lib/ruby/gems/2.0.0/gems/web-console-2.2.1/lib/web_console/templates/style.css.erb within layouts/inlined_string (0.4ms)
  Rendered /Users/yumiko/.rbenv/versions/2.0.0-p353/lib/ruby/gems/2.0.0/gems/web-console-2.2.1/lib/web_console/templates/console.js.erb within layouts/javascript (23.9ms)
  Rendered /Users/yumiko/.rbenv/versions/2.0.0-p353/lib/ruby/gems/2.0.0/gems/web-console-2.2.1/lib/web_console/templates/main.js.erb within layouts/javascript (0.9ms)
  Rendered /Users/yumiko/.rbenv/versions/2.0.0-p353/lib/ruby/gems/2.0.0/gems/web-console-2.2.1/lib/web_console/templates/error_page.js.erb within layouts/javascript (0.4ms)
  Rendered /Users/yumiko/.rbenv/versions/2.0.0-p353/lib/ruby/gems/2.0.0/gems/web-console-2.2.1/lib/web_console/templates/index.html.erb (47.9ms)


Started GET "/" for ::1 at 2015-07-21 21:59:09 -0700
Processing by HomeController#index as HTML
  Rendered home/index.html.erb within layouts/application (0.9ms)
Completed 200 OK in 4813ms (Views: 4805.0ms | ActiveRecord: 0.0ms)


Started GET "/index.html" for ::1 at 2015-07-21 21:59:15 -0700

ActionController::RoutingError (No route matches [GET] "/index.html"):
  actionpack (4.2.3) lib/action_dispatch/middleware/debug_exceptions.rb:21:in `call'
  web-console (2.2.1) lib/web_console/middleware.rb:39:in `call'
  actionpack (4.2.3) lib/action_dispatch/middleware/show_exceptions.rb:30:in `call'
  railties (4.2.3) lib/rails/rack/logger.rb:38:in `call_app'
  railties (4.2.3) lib/rails/rack/logger.rb:20:in `block in call'
  activesupport (4.2.3) lib/active_support/tagged_logging.rb:68:in `block in tagged'
  activesupport (4.2.3) lib/active_support/tagged_logging.rb:26:in `tagged'
  activesupport (4.2.3) lib/active_support/tagged_logging.rb:68:in `tagged'
  railties (4.2.3) lib/rails/rack/logger.rb:20:in `call'
  actionpack (4.2.3) lib/action_dispatch/middleware/request_id.rb:21:in `call'
  rack (1.6.4) lib/rack/methodoverride.rb:22:in `call'
  rack (1.6.4) lib/rack/runtime.rb:18:in `call'
  activesupport (4.2.3) lib/active_support/cache/strategy/local_cache_middleware.rb:28:in `call'
  rack (1.6.4) lib/rack/lock.rb:17:in `call'
  actionpack (4.2.3) lib/action_dispatch/middleware/static.rb:116:in `call'
  rack (1.6.4) lib/rack/sendfile.rb:113:in `call'
  railties (4.2.3) lib/rails/engine.rb:518:in `call'
  railties (4.2.3) lib/rails/application.rb:165:in `call'
  rack (1.6.4) lib/rack/lock.rb:17:in `call'
  rack (1.6.4) lib/rack/content_length.rb:15:in `call'
  rack (1.6.4) lib/rack/handler/webrick.rb:88:in `service'
  /Users/yumiko/.rbenv/versions/2.0.0-p353/lib/ruby/2.0.0/webrick/httpserver.rb:138:in `service'
  /Users/yumiko/.rbenv/versions/2.0.0-p353/lib/ruby/2.0.0/webrick/httpserver.rb:94:in `run'
  /Users/yumiko/.rbenv/versions/2.0.0-p353/lib/ruby/2.0.0/webrick/server.rb:295:in `block in start_thread'


  Rendered /Users/yumiko/.rbenv/versions/2.0.0-p353/lib/ruby/gems/2.0.0/gems/actionpack-4.2.3/lib/action_dispatch/middleware/templates/rescues/_trace.html.erb (2.6ms)
  Rendered /Users/yumiko/.rbenv/versions/2.0.0-p353/lib/ruby/gems/2.0.0/gems/actionpack-4.2.3/lib/action_dispatch/middleware/templates/routes/_route.html.erb (0.6ms)
  Rendered /Users/yumiko/.rbenv/versions/2.0.0-p353/lib/ruby/gems/2.0.0/gems/actionpack-4.2.3/lib/action_dispatch/middleware/templates/routes/_table.html.erb (9.2ms)
  Rendered /Users/yumiko/.rbenv/versions/2.0.0-p353/lib/ruby/gems/2.0.0/gems/actionpack-4.2.3/lib/action_dispatch/middleware/templates/rescues/_request_and_response.html.erb (1.3ms)
  Rendered /Users/yumiko/.rbenv/versions/2.0.0-p353/lib/ruby/gems/2.0.0/gems/actionpack-4.2.3/lib/action_dispatch/middleware/templates/rescues/routing_error.html.erb within rescues/layout (41.0ms)
  Rendered /Users/yumiko/.rbenv/versions/2.0.0-p353/lib/ruby/gems/2.0.0/gems/web-console-2.2.1/lib/web_console/templates/_markup.html.erb (0.3ms)
  Rendered /Users/yumiko/.rbenv/versions/2.0.0-p353/lib/ruby/gems/2.0.0/gems/web-console-2.2.1/lib/web_console/templates/_inner_console_markup.html.erb within layouts/inlined_string (0.4ms)
  Rendered /Users/yumiko/.rbenv/versions/2.0.0-p353/lib/ruby/gems/2.0.0/gems/web-console-2.2.1/lib/web_console/templates/_prompt_box_markup.html.erb within layouts/inlined_string (0.4ms)
  Rendered /Users/yumiko/.rbenv/versions/2.0.0-p353/lib/ruby/gems/2.0.0/gems/web-console-2.2.1/lib/web_console/templates/style.css.erb within layouts/inlined_string (0.4ms)
  Rendered /Users/yumiko/.rbenv/versions/2.0.0-p353/lib/ruby/gems/2.0.0/gems/web-console-2.2.1/lib/web_console/templates/console.js.erb within layouts/javascript (25.5ms)
  Rendered /Users/yumiko/.rbenv/versions/2.0.0-p353/lib/ruby/gems/2.0.0/gems/web-console-2.2.1/lib/web_console/templates/main.js.erb within layouts/javascript (0.3ms)
  Rendered /Users/yumiko/.rbenv/versions/2.0.0-p353/lib/ruby/gems/2.0.0/gems/web-console-2.2.1/lib/web_console/templates/error_page.js.erb within layouts/javascript (0.5ms)
  Rendered /Users/yumiko/.rbenv/versions/2.0.0-p353/lib/ruby/gems/2.0.0/gems/web-console-2.2.1/lib/web_console/templates/index.html.erb (45.2ms)


Started GET "/" for ::1 at 2015-07-21 21:59:28 -0700
Processing by HomeController#index as HTML
  Rendered home/index.html.erb within layouts/application (0.1ms)
Completed 200 OK in 63ms (Views: 62.3ms | ActiveRecord: 0.0ms)


Started GET "/assets/home.self-e3b0c44298fc1c149afbf4c8996fb92427ae41e4649b934ca495991b7852b855.css?body=1" for ::1 at 2015-07-21 21:59:28 -0700


Started GET "/assets/jquery_ujs.self-ca5248a2fad13d6bd58ea121318d642f195f0b2dd818b30615f785ff365e8d1f.js?body=1" for ::1 at 2015-07-21 21:59:28 -0700


Started GET "/assets/application.self-184237773932c8512d052ed1180dd548480c9914a54072748c5da2565db5be8c.css?body=1" for ::1 at 2015-07-21 21:59:28 -0700


Started GET "/assets/angular-animate.self-2bf9c8b701a0e6bc2968df73c2a0d8938eb84d13cc426d2432d3b2fb536c50e5.js?body=1" for ::1 at 2015-07-21 21:59:28 -0700


Started GET "/assets/jquery.self-d03a5518f45df77341bdbe6201ba3bfa547ebba8ed64f0ea56bfa5f96ea7c074.js?body=1" for ::1 at 2015-07-21 21:59:28 -0700


Started GET "/assets/angular/angular.self-5918d434c9cc209ba9ff042e92494418b0d4189738c99bedd51c5bbdefe0f11c.js?body=1" for ::1 at 2015-07-21 21:59:28 -0700


Started GET "/assets/angular-resource.self-d2f910ae036c8ee0818b9ba20f8599786526b5d4438ceecff5a0366c4d1a4422.js?body=1" for ::1 at 2015-07-21 21:59:28 -0700


Started GET "/assets/angular-route/angular-route.self-688a5dbfc6be484158af02e48a44276c0679e816015ff48c15b4e195384ee4e9.js?body=1" for ::1 at 2015-07-21 21:59:28 -0700


Started GET "/assets/angular-rails-templates.self-0cb4b19debc640ed69cbcf42939a1289977dedf73a8d318f2db162b1f2834920.js?body=1" for ::1 at 2015-07-21 21:59:28 -0700


Started GET "/assets/app.self-e73dc9c0fe0321e8819119ef611369e2a25282c1bad95c6cbb3a04537a3af4f1.js?body=1" for ::1 at 2015-07-21 21:59:28 -0700


Started GET "/assets/application.self-10ad0916cf31256fe71785e8dc9cc297a96b1cdf7b74aeb61711199b9a3d003f.js?body=1" for ::1 at 2015-07-21 21:59:28 -0700


Started GET "/index.html" for ::1 at 2015-07-21 21:59:29 -0700

ActionController::RoutingError (No route matches [GET] "/index.html"):
  actionpack (4.2.3) lib/action_dispatch/middleware/debug_exceptions.rb:21:in `call'
  web-console (2.2.1) lib/web_console/middleware.rb:39:in `call'
  actionpack (4.2.3) lib/action_dispatch/middleware/show_exceptions.rb:30:in `call'
  railties (4.2.3) lib/rails/rack/logger.rb:38:in `call_app'
  railties (4.2.3) lib/rails/rack/logger.rb:20:in `block in call'
  activesupport (4.2.3) lib/active_support/tagged_logging.rb:68:in `block in tagged'
  activesupport (4.2.3) lib/active_support/tagged_logging.rb:26:in `tagged'
  activesupport (4.2.3) lib/active_support/tagged_logging.rb:68:in `tagged'
  railties (4.2.3) lib/rails/rack/logger.rb:20:in `call'
  actionpack (4.2.3) lib/action_dispatch/middleware/request_id.rb:21:in `call'
  rack (1.6.4) lib/rack/methodoverride.rb:22:in `call'
  rack (1.6.4) lib/rack/runtime.rb:18:in `call'
  activesupport (4.2.3) lib/active_support/cache/strategy/local_cache_middleware.rb:28:in `call'
  rack (1.6.4) lib/rack/lock.rb:17:in `call'
  actionpack (4.2.3) lib/action_dispatch/middleware/static.rb:116:in `call'
  rack (1.6.4) lib/rack/sendfile.rb:113:in `call'
  railties (4.2.3) lib/rails/engine.rb:518:in `call'
  railties (4.2.3) lib/rails/application.rb:165:in `call'
  rack (1.6.4) lib/rack/lock.rb:17:in `call'
  rack (1.6.4) lib/rack/content_length.rb:15:in `call'
  rack (1.6.4) lib/rack/handler/webrick.rb:88:in `service'
  /Users/yumiko/.rbenv/versions/2.0.0-p353/lib/ruby/2.0.0/webrick/httpserver.rb:138:in `service'
  /Users/yumiko/.rbenv/versions/2.0.0-p353/lib/ruby/2.0.0/webrick/httpserver.rb:94:in `run'
  /Users/yumiko/.rbenv/versions/2.0.0-p353/lib/ruby/2.0.0/webrick/server.rb:295:in `block in start_thread'


  Rendered /Users/yumiko/.rbenv/versions/2.0.0-p353/lib/ruby/gems/2.0.0/gems/actionpack-4.2.3/lib/action_dispatch/middleware/templates/rescues/_trace.html.erb (1.0ms)
  Rendered /Users/yumiko/.rbenv/versions/2.0.0-p353/lib/ruby/gems/2.0.0/gems/actionpack-4.2.3/lib/action_dispatch/middleware/templates/routes/_route.html.erb (1.0ms)
  Rendered /Users/yumiko/.rbenv/versions/2.0.0-p353/lib/ruby/gems/2.0.0/gems/actionpack-4.2.3/lib/action_dispatch/middleware/templates/routes/_table.html.erb (1.2ms)
  Rendered /Users/yumiko/.rbenv/versions/2.0.0-p353/lib/ruby/gems/2.0.0/gems/actionpack-4.2.3/lib/action_dispatch/middleware/templates/rescues/_request_and_response.html.erb (1.2ms)
  Rendered /Users/yumiko/.rbenv/versions/2.0.0-p353/lib/ruby/gems/2.0.0/gems/actionpack-4.2.3/lib/action_dispatch/middleware/templates/rescues/routing_error.html.erb within rescues/layout (24.7ms)
  Rendered /Users/yumiko/.rbenv/versions/2.0.0-p353/lib/ruby/gems/2.0.0/gems/web-console-2.2.1/lib/web_console/templates/_markup.html.erb (0.3ms)
  Rendered /Users/yumiko/.rbenv/versions/2.0.0-p353/lib/ruby/gems/2.0.0/gems/web-console-2.2.1/lib/web_console/templates/_inner_console_markup.html.erb within layouts/inlined_string (0.6ms)
  Rendered /Users/yumiko/.rbenv/versions/2.0.0-p353/lib/ruby/gems/2.0.0/gems/web-console-2.2.1/lib/web_console/templates/_prompt_box_markup.html.erb within layouts/inlined_string (0.3ms)
  Rendered /Users/yumiko/.rbenv/versions/2.0.0-p353/lib/ruby/gems/2.0.0/gems/web-console-2.2.1/lib/web_console/templates/style.css.erb within layouts/inlined_string (0.3ms)
  Rendered /Users/yumiko/.rbenv/versions/2.0.0-p353/lib/ruby/gems/2.0.0/gems/web-console-2.2.1/lib/web_console/templates/console.js.erb within layouts/javascript (20.4ms)
  Rendered /Users/yumiko/.rbenv/versions/2.0.0-p353/lib/ruby/gems/2.0.0/gems/web-console-2.2.1/lib/web_console/templates/main.js.erb within layouts/javascript (0.4ms)
  Rendered /Users/yumiko/.rbenv/versions/2.0.0-p353/lib/ruby/gems/2.0.0/gems/web-console-2.2.1/lib/web_console/templates/error_page.js.erb within layouts/javascript (0.3ms)
  Rendered /Users/yumiko/.rbenv/versions/2.0.0-p353/lib/ruby/gems/2.0.0/gems/web-console-2.2.1/lib/web_console/templates/index.html.erb (36.5ms)


Started GET "/" for ::1 at 2015-07-21 21:59:57 -0700
Processing by HomeController#index as HTML
  Rendered home/index.html.erb within layouts/application (1.5ms)
Completed 200 OK in 1197ms (Views: 1189.3ms | ActiveRecord: 0.0ms)


Started GET "/" for ::1 at 2015-07-21 21:59:59 -0700
Processing by HomeController#index as HTML
  Rendered home/index.html.erb within layouts/application (0.0ms)
Completed 200 OK in 55ms (Views: 54.0ms | ActiveRecord: 0.0ms)


Started GET "/index.html" for ::1 at 2015-07-21 21:59:59 -0700

ActionController::RoutingError (No route matches [GET] "/index.html"):
  actionpack (4.2.3) lib/action_dispatch/middleware/debug_exceptions.rb:21:in `call'
  web-console (2.2.1) lib/web_console/middleware.rb:39:in `call'
  actionpack (4.2.3) lib/action_dispatch/middleware/show_exceptions.rb:30:in `call'
  railties (4.2.3) lib/rails/rack/logger.rb:38:in `call_app'
  railties (4.2.3) lib/rails/rack/logger.rb:20:in `block in call'
  activesupport (4.2.3) lib/active_support/tagged_logging.rb:68:in `block in tagged'
  activesupport (4.2.3) lib/active_support/tagged_logging.rb:26:in `tagged'
  activesupport (4.2.3) lib/active_support/tagged_logging.rb:68:in `tagged'
  railties (4.2.3) lib/rails/rack/logger.rb:20:in `call'
  actionpack (4.2.3) lib/action_dispatch/middleware/request_id.rb:21:in `call'
  rack (1.6.4) lib/rack/methodoverride.rb:22:in `call'
  rack (1.6.4) lib/rack/runtime.rb:18:in `call'
  activesupport (4.2.3) lib/active_support/cache/strategy/local_cache_middleware.rb:28:in `call'
  rack (1.6.4) lib/rack/lock.rb:17:in `call'
  actionpack (4.2.3) lib/action_dispatch/middleware/static.rb:116:in `call'
  rack (1.6.4) lib/rack/sendfile.rb:113:in `call'
  railties (4.2.3) lib/rails/engine.rb:518:in `call'
  railties (4.2.3) lib/rails/application.rb:165:in `call'
  rack (1.6.4) lib/rack/lock.rb:17:in `call'
  rack (1.6.4) lib/rack/content_length.rb:15:in `call'
  rack (1.6.4) lib/rack/handler/webrick.rb:88:in `service'
  /Users/yumiko/.rbenv/versions/2.0.0-p353/lib/ruby/2.0.0/webrick/httpserver.rb:138:in `service'
  /Users/yumiko/.rbenv/versions/2.0.0-p353/lib/ruby/2.0.0/webrick/httpserver.rb:94:in `run'
  /Users/yumiko/.rbenv/versions/2.0.0-p353/lib/ruby/2.0.0/webrick/server.rb:295:in `block in start_thread'


  Rendered /Users/yumiko/.rbenv/versions/2.0.0-p353/lib/ruby/gems/2.0.0/gems/actionpack-4.2.3/lib/action_dispatch/middleware/templates/rescues/_trace.html.erb (5.8ms)
  Rendered /Users/yumiko/.rbenv/versions/2.0.0-p353/lib/ruby/gems/2.0.0/gems/actionpack-4.2.3/lib/action_dispatch/middleware/templates/routes/_route.html.erb (0.9ms)
  Rendered /Users/yumiko/.rbenv/versions/2.0.0-p353/lib/ruby/gems/2.0.0/gems/actionpack-4.2.3/lib/action_dispatch/middleware/templates/routes/_table.html.erb (7.9ms)
  Rendered /Users/yumiko/.rbenv/versions/2.0.0-p353/lib/ruby/gems/2.0.0/gems/actionpack-4.2.3/lib/action_dispatch/middleware/templates/rescues/_request_and_response.html.erb (1.4ms)
  Rendered /Users/yumiko/.rbenv/versions/2.0.0-p353/lib/ruby/gems/2.0.0/gems/actionpack-4.2.3/lib/action_dispatch/middleware/templates/rescues/routing_error.html.erb within rescues/layout (51.3ms)
  Rendered /Users/yumiko/.rbenv/versions/2.0.0-p353/lib/ruby/gems/2.0.0/gems/web-console-2.2.1/lib/web_console/templates/_markup.html.erb (0.6ms)
  Rendered /Users/yumiko/.rbenv/versions/2.0.0-p353/lib/ruby/gems/2.0.0/gems/web-console-2.2.1/lib/web_console/templates/_inner_console_markup.html.erb within layouts/inlined_string (0.4ms)
  Rendered /Users/yumiko/.rbenv/versions/2.0.0-p353/lib/ruby/gems/2.0.0/gems/web-console-2.2.1/lib/web_console/templates/_prompt_box_markup.html.erb within layouts/inlined_string (0.4ms)
  Rendered /Users/yumiko/.rbenv/versions/2.0.0-p353/lib/ruby/gems/2.0.0/gems/web-console-2.2.1/lib/web_console/templates/style.css.erb within layouts/inlined_string (0.3ms)
  Rendered /Users/yumiko/.rbenv/versions/2.0.0-p353/lib/ruby/gems/2.0.0/gems/web-console-2.2.1/lib/web_console/templates/console.js.erb within layouts/javascript (17.2ms)
  Rendered /Users/yumiko/.rbenv/versions/2.0.0-p353/lib/ruby/gems/2.0.0/gems/web-console-2.2.1/lib/web_console/templates/main.js.erb within layouts/javascript (0.2ms)
  Rendered /Users/yumiko/.rbenv/versions/2.0.0-p353/lib/ruby/gems/2.0.0/gems/web-console-2.2.1/lib/web_console/templates/error_page.js.erb within layouts/javascript (0.6ms)
  Rendered /Users/yumiko/.rbenv/versions/2.0.0-p353/lib/ruby/gems/2.0.0/gems/web-console-2.2.1/lib/web_console/templates/index.html.erb (41.4ms)


Started GET "/" for ::1 at 2015-07-21 22:02:59 -0700
Processing by HomeController#index as HTML
  Rendered home/index.html.erb within layouts/application (1.5ms)
Completed 500 Internal Server Error in 616ms (ActiveRecord: 0.0ms)

ActionView::Template::Error (couldn't find file 'bower_components/angular-route/angular-route' with type 'application/javascript'):
    3: <head>
    4:   <title>Receta</title>
    5:   <%= stylesheet_link_tag    'application', media: 'all', 'data-turbolinks-track' => true %>
    6:   <%= javascript_include_tag 'application', 'data-turbolinks-track' => true %>
    7:   <%= csrf_meta_tags %>
    8: </head>
    9: <body>
  app/assets/javascripts/application.js:18
  app/views/layouts/application.html.erb:6:in `_app_views_layouts_application_html_erb__3860841074789567006_70317510433860'


  Rendered /Users/yumiko/.rbenv/versions/2.0.0-p353/lib/ruby/gems/2.0.0/gems/actionpack-4.2.3/lib/action_dispatch/middleware/templates/rescues/_source.erb (6.3ms)
  Rendered /Users/yumiko/.rbenv/versions/2.0.0-p353/lib/ruby/gems/2.0.0/gems/actionpack-4.2.3/lib/action_dispatch/middleware/templates/rescues/_trace.html.erb (2.5ms)
  Rendered /Users/yumiko/.rbenv/versions/2.0.0-p353/lib/ruby/gems/2.0.0/gems/actionpack-4.2.3/lib/action_dispatch/middleware/templates/rescues/_request_and_response.html.erb (0.6ms)
  Rendered /Users/yumiko/.rbenv/versions/2.0.0-p353/lib/ruby/gems/2.0.0/gems/actionpack-4.2.3/lib/action_dispatch/middleware/templates/rescues/template_error.html.erb within rescues/layout (22.5ms)
  Rendered /Users/yumiko/.rbenv/versions/2.0.0-p353/lib/ruby/gems/2.0.0/gems/web-console-2.2.1/lib/web_console/templates/_markup.html.erb (0.2ms)
  Rendered /Users/yumiko/.rbenv/versions/2.0.0-p353/lib/ruby/gems/2.0.0/gems/web-console-2.2.1/lib/web_console/templates/_inner_console_markup.html.erb within layouts/inlined_string (0.2ms)
  Rendered /Users/yumiko/.rbenv/versions/2.0.0-p353/lib/ruby/gems/2.0.0/gems/web-console-2.2.1/lib/web_console/templates/_prompt_box_markup.html.erb within layouts/inlined_string (0.2ms)
  Rendered /Users/yumiko/.rbenv/versions/2.0.0-p353/lib/ruby/gems/2.0.0/gems/web-console-2.2.1/lib/web_console/templates/style.css.erb within layouts/inlined_string (0.3ms)
  Rendered /Users/yumiko/.rbenv/versions/2.0.0-p353/lib/ruby/gems/2.0.0/gems/web-console-2.2.1/lib/web_console/templates/console.js.erb within layouts/javascript (14.7ms)
  Rendered /Users/yumiko/.rbenv/versions/2.0.0-p353/lib/ruby/gems/2.0.0/gems/web-console-2.2.1/lib/web_console/templates/main.js.erb within layouts/javascript (0.3ms)
  Rendered /Users/yumiko/.rbenv/versions/2.0.0-p353/lib/ruby/gems/2.0.0/gems/web-console-2.2.1/lib/web_console/templates/error_page.js.erb within layouts/javascript (0.3ms)
  Rendered /Users/yumiko/.rbenv/versions/2.0.0-p353/lib/ruby/gems/2.0.0/gems/web-console-2.2.1/lib/web_console/templates/index.html.erb (32.9ms)


Started GET "/" for ::1 at 2015-07-21 22:03:25 -0700
Processing by HomeController#index as HTML
  Rendered home/index.html.erb within layouts/application (1.2ms)
Completed 200 OK in 866ms (Views: 803.4ms | ActiveRecord: 0.0ms)


Started GET "/assets/jquery.self-d03a5518f45df77341bdbe6201ba3bfa547ebba8ed64f0ea56bfa5f96ea7c074.js?body=1" for ::1 at 2015-07-21 22:03:26 -0700


Started GET "/assets/application.self-184237773932c8512d052ed1180dd548480c9914a54072748c5da2565db5be8c.css?body=1" for ::1 at 2015-07-21 22:03:26 -0700


Started GET "/assets/jquery_ujs.self-ca5248a2fad13d6bd58ea121318d642f195f0b2dd818b30615f785ff365e8d1f.js?body=1" for ::1 at 2015-07-21 22:03:26 -0700


Started GET "/assets/angular-resource.self-d2f910ae036c8ee0818b9ba20f8599786526b5d4438ceecff5a0366c4d1a4422.js?body=1" for ::1 at 2015-07-21 22:03:26 -0700


Started GET "/assets/angular/angular.self-5918d434c9cc209ba9ff042e92494418b0d4189738c99bedd51c5bbdefe0f11c.js?body=1" for ::1 at 2015-07-21 22:03:26 -0700


Started GET "/assets/angular-animate.self-2bf9c8b701a0e6bc2968df73c2a0d8938eb84d13cc426d2432d3b2fb536c50e5.js?body=1" for ::1 at 2015-07-21 22:03:26 -0700


Started GET "/assets/angular-route/angular-route.self-688a5dbfc6be484158af02e48a44276c0679e816015ff48c15b4e195384ee4e9.js?body=1" for ::1 at 2015-07-21 22:03:26 -0700


Started GET "/assets/home.self-e3b0c44298fc1c149afbf4c8996fb92427ae41e4649b934ca495991b7852b855.css?body=1" for ::1 at 2015-07-21 22:03:26 -0700


Started GET "/assets/angular-rails-templates.self-0cb4b19debc640ed69cbcf42939a1289977dedf73a8d318f2db162b1f2834920.js?body=1" for ::1 at 2015-07-21 22:03:26 -0700


Started GET "/assets/app.self-e73dc9c0fe0321e8819119ef611369e2a25282c1bad95c6cbb3a04537a3af4f1.js?body=1" for ::1 at 2015-07-21 22:03:26 -0700


Started GET "/assets/application.self-10ad0916cf31256fe71785e8dc9cc297a96b1cdf7b74aeb61711199b9a3d003f.js?body=1" for ::1 at 2015-07-21 22:03:26 -0700


Started GET "/assets/angular-animate.self-2bf9c8b701a0e6bc2968df73c2a0d8938eb84d13cc426d2432d3b2fb536c50e5.js?body=1" for ::1 at 2015-07-21 22:03:26 -0700


Started GET "/assets/angular-resource.self-d2f910ae036c8ee0818b9ba20f8599786526b5d4438ceecff5a0366c4d1a4422.js?body=1" for ::1 at 2015-07-21 22:03:26 -0700


Started GET "/assets/angular-route/angular-route.self-688a5dbfc6be484158af02e48a44276c0679e816015ff48c15b4e195384ee4e9.js?body=1" for ::1 at 2015-07-21 22:03:26 -0700


Started GET "/index.html" for ::1 at 2015-07-21 22:03:26 -0700

ActionController::RoutingError (No route matches [GET] "/index.html"):
  actionpack (4.2.3) lib/action_dispatch/middleware/debug_exceptions.rb:21:in `call'
  web-console (2.2.1) lib/web_console/middleware.rb:39:in `call'
  actionpack (4.2.3) lib/action_dispatch/middleware/show_exceptions.rb:30:in `call'
  railties (4.2.3) lib/rails/rack/logger.rb:38:in `call_app'
  railties (4.2.3) lib/rails/rack/logger.rb:20:in `block in call'
  activesupport (4.2.3) lib/active_support/tagged_logging.rb:68:in `block in tagged'
  activesupport (4.2.3) lib/active_support/tagged_logging.rb:26:in `tagged'
  activesupport (4.2.3) lib/active_support/tagged_logging.rb:68:in `tagged'
  railties (4.2.3) lib/rails/rack/logger.rb:20:in `call'
  actionpack (4.2.3) lib/action_dispatch/middleware/request_id.rb:21:in `call'
  rack (1.6.4) lib/rack/methodoverride.rb:22:in `call'
  rack (1.6.4) lib/rack/runtime.rb:18:in `call'
  activesupport (4.2.3) lib/active_support/cache/strategy/local_cache_middleware.rb:28:in `call'
  rack (1.6.4) lib/rack/lock.rb:17:in `call'
  actionpack (4.2.3) lib/action_dispatch/middleware/static.rb:116:in `call'
  rack (1.6.4) lib/rack/sendfile.rb:113:in `call'
  railties (4.2.3) lib/rails/engine.rb:518:in `call'
  railties (4.2.3) lib/rails/application.rb:165:in `call'
  rack (1.6.4) lib/rack/lock.rb:17:in `call'
  rack (1.6.4) lib/rack/content_length.rb:15:in `call'
  rack (1.6.4) lib/rack/handler/webrick.rb:88:in `service'
  /Users/yumiko/.rbenv/versions/2.0.0-p353/lib/ruby/2.0.0/webrick/httpserver.rb:138:in `service'
  /Users/yumiko/.rbenv/versions/2.0.0-p353/lib/ruby/2.0.0/webrick/httpserver.rb:94:in `run'
  /Users/yumiko/.rbenv/versions/2.0.0-p353/lib/ruby/2.0.0/webrick/server.rb:295:in `block in start_thread'


  Rendered /Users/yumiko/.rbenv/versions/2.0.0-p353/lib/ruby/gems/2.0.0/gems/actionpack-4.2.3/lib/action_dispatch/middleware/templates/rescues/_trace.html.erb (1.7ms)
  Rendered /Users/yumiko/.rbenv/versions/2.0.0-p353/lib/ruby/gems/2.0.0/gems/actionpack-4.2.3/lib/action_dispatch/middleware/templates/routes/_route.html.erb (0.8ms)
  Rendered /Users/yumiko/.rbenv/versions/2.0.0-p353/lib/ruby/gems/2.0.0/gems/actionpack-4.2.3/lib/action_dispatch/middleware/templates/routes/_table.html.erb (7.1ms)
  Rendered /Users/yumiko/.rbenv/versions/2.0.0-p353/lib/ruby/gems/2.0.0/gems/actionpack-4.2.3/lib/action_dispatch/middleware/templates/rescues/_request_and_response.html.erb (1.2ms)
  Rendered /Users/yumiko/.rbenv/versions/2.0.0-p353/lib/ruby/gems/2.0.0/gems/actionpack-4.2.3/lib/action_dispatch/middleware/templates/rescues/routing_error.html.erb within rescues/layout (37.9ms)
  Rendered /Users/yumiko/.rbenv/versions/2.0.0-p353/lib/ruby/gems/2.0.0/gems/web-console-2.2.1/lib/web_console/templates/_markup.html.erb (0.4ms)
  Rendered /Users/yumiko/.rbenv/versions/2.0.0-p353/lib/ruby/gems/2.0.0/gems/web-console-2.2.1/lib/web_console/templates/_inner_console_markup.html.erb within layouts/inlined_string (0.3ms)
  Rendered /Users/yumiko/.rbenv/versions/2.0.0-p353/lib/ruby/gems/2.0.0/gems/web-console-2.2.1/lib/web_console/templates/_prompt_box_markup.html.erb within layouts/inlined_string (0.5ms)
  Rendered /Users/yumiko/.rbenv/versions/2.0.0-p353/lib/ruby/gems/2.0.0/gems/web-console-2.2.1/lib/web_console/templates/style.css.erb within layouts/inlined_string (0.2ms)
  Rendered /Users/yumiko/.rbenv/versions/2.0.0-p353/lib/ruby/gems/2.0.0/gems/web-console-2.2.1/lib/web_console/templates/console.js.erb within layouts/javascript (17.9ms)
  Rendered /Users/yumiko/.rbenv/versions/2.0.0-p353/lib/ruby/gems/2.0.0/gems/web-console-2.2.1/lib/web_console/templates/main.js.erb within layouts/javascript (0.2ms)
  Rendered /Users/yumiko/.rbenv/versions/2.0.0-p353/lib/ruby/gems/2.0.0/gems/web-console-2.2.1/lib/web_console/templates/error_page.js.erb within layouts/javascript (0.6ms)
  Rendered /Users/yumiko/.rbenv/versions/2.0.0-p353/lib/ruby/gems/2.0.0/gems/web-console-2.2.1/lib/web_console/templates/index.html.erb (38.3ms)


Started GET "/" for ::1 at 2015-07-21 22:04:33 -0700
Processing by HomeController#index as HTML
  Rendered home/index.html.erb within layouts/application (0.8ms)
Completed 200 OK in 4434ms (Views: 4425.0ms | ActiveRecord: 0.0ms)


Started GET "/assets/home-5d4c747d0ca343eeafa07a7e0d76f30f.css?body=1" for ::1 at 2015-07-21 22:04:38 -0700


Started GET "/assets/application-95c3b31bab59e9e99ae35c7d4e2849b0.css?body=1" for ::1 at 2015-07-21 22:04:38 -0700


Started GET "/assets/jquery-0e6a23412defed83698f9b57cd5e9924.js?body=1" for ::1 at 2015-07-21 22:04:38 -0700


Started GET "/assets/angular-resource-1a04c73fd1d72ef6d502785602d4ad41.js?body=1" for ::1 at 2015-07-21 22:04:38 -0700


Started GET "/assets/jquery_ujs-42d8e48dd9e1eacc12ddcb51e37c1069.js?body=1" for ::1 at 2015-07-21 22:04:38 -0700


Started GET "/assets/angular-route/angular-route-da2b148d915a6af2db2b7c39fd91ae44.js?body=1" for ::1 at 2015-07-21 22:04:38 -0700


Started GET "/assets/angular-37fa0f3986f5f5fc959c5f2f6aed27cd.js?body=1" for ::1 at 2015-07-21 22:04:38 -0700


Started GET "/assets/angular-animate-7fe29965b52222bf3e2c0174d19fde05.js?body=1" for ::1 at 2015-07-21 22:04:38 -0700


Started GET "/assets/angular-rails-templates-1643e058dc216804a6a2db193cfa8cb9.js?body=1" for ::1 at 2015-07-21 22:04:38 -0700


Started GET "/assets/templates/index-50c8e2c49a162670e3c29de3a5a49737.js?body=1" for ::1 at 2015-07-21 22:04:38 -0700


Started GET "/assets/app-ccd560b6b76703ae57cfae434e56e537.js?body=1" for ::1 at 2015-07-21 22:04:38 -0700


Started GET "/assets/application-c18c5aade453bc9bb3623aeb5f037251.js?body=1" for ::1 at 2015-07-21 22:04:38 -0700
